796
1000
1000
1000
1000
706
857
80
1000
0
0
309
1000
739
44
1000
0
1000
0
501
381
918
0
432
366
0
720
1
1000
214
543
325
15
500
0
1000
846
1000
243
888
1000
523
575
558
773
1000
1000
972
1000
120
0
137
1000
737
0
0
425
1000
1000
0
348
551
786
698
27
0
530
133
1000
1000
308
1000
1000
781
55
880
562
1000
744
949
1000
674
1000
1000
1000
250
721
1000
1000
1000
1000
564
1000
40
1
400
0
131
787
952
0
1000
0
935
1000
470
1000
0
1000
1000
735
909
568
127
0
1000
524
1000
1000
0
0
0
1000
1000
0
427
786
739
2
184
280
530
29
1000
0
381
227
668
0
1000
655
0
0
689
1000
61
1000
51
7
10
1000
614
1000
958
1000
0
812
837
1000
109
972
854
341
577
545
1000
1000
457
1000
323
223
344
89
1000
0
724
737
126
904
0
1000
1000
823
1000
1000
171
0
0
312
0
620
0
1000
874
0
87
985
1000
520
0
173
321
346
0
110
658
935
0
774
0
1000
842
467
0
194
95
701
362
678
859
0
622
1000
1000
1000
1000
1000
1000
0
323
1000
537
1000
819
73
528
1000
320
1000
650
383
0
839
15
264
603
563
0
0
0
1000
1000
242
23
1
1000
0
610
1000
489
0
606
1000
1000
1000
573
1000
973
0
1000
817
0
0
679
1000
271
2
669
623
1000
1000
1000
859
283
535
571
828
55
663
1
995
1000
409
606
0
527
837
749
1000
873
72
1000
1000
272
1000
525
605
22
30
54
549
1000
403
0
395
817
65
452
1000
0
0
708
1000
44
1000
0
519
922
652
433
1000
94
1000
1000
141
593
1000
34
921
668
425
1000
134
78
253
992
0
539
0
0
1000
664
188
1000
0
47
838
270
867
1000
1000
227
39
1000
250
353
301
1000
299
38
0
1000
491
1000
1000
0
316
224
518
917
0
7
1000
1000
390
707
828
1000
407
7
1000
0
212
907
719
271
19
955
814
395
